TN:
SF:src\modules\appointments\services\CreateAppointmentService.ts
FN:18,(anonymous_12)
FN:22,(anonymous_13)
FNF:2
FNH:2
FNDA:2,(anonymous_12)
FNDA:3,(anonymous_13)
DA:1,1
DA:2,1
DA:6,1
DA:16,1
DA:20,2
DA:24,3
DA:31,3
DA:33,3
DA:35,1
DA:42,2
DA:47,2
LF:11
LH:11
BRDA:33,0,0,1
BRF:1
BRH:1
end_of_record
TN:
SF:src\modules\users\services\AuthenticateUserService.ts
FN:20,(anonymous_12)
FN:24,(anonymous_13)
FNF:2
FNH:2
FNDA:1,(anonymous_12)
FNDA:1,(anonymous_13)
DA:2,1
DA:3,1
DA:4,1
DA:6,1
DA:8,1
DA:19,1
DA:22,1
DA:27,1
DA:29,1
DA:31,0
DA:34,1
DA:36,1
DA:38,0
DA:41,1
DA:43,1
DA:48,1
LF:16
LH:14
BRDA:29,0,0,0
BRDA:36,1,0,0
BRF:2
BRH:0
end_of_record
TN:
SF:src\modules\users\services\CreateUserService.ts
FN:18,(anonymous_12)
FN:23,(anonymous_13)
FNF:2
FNH:2
FNDA:3,(anonymous_12)
FNDA:4,(anonymous_13)
DA:1,2
DA:2,2
DA:5,2
DA:16,2
DA:20,3
DA:26,4
DA:28,4
DA:29,1
DA:32,3
DA:34,3
DA:40,3
LF:11
LH:11
BRDA:28,0,0,1
BRF:1
BRH:1
end_of_record
TN:
SF:src\modules\users\services\UpdateUserAvatarServices.ts
FN:18,(anonymous_12)
FN:22,(anonymous_13)
FNF:2
FNH:0
FNDA:0,(anonymous_12)
FNDA:0,(anonymous_13)
DA:1,0
DA:3,0
DA:4,0
DA:6,0
DA:8,0
DA:17,0
DA:20,0
DA:25,0
DA:28,0
DA:29,0
DA:33,0
DA:36,0
DA:38,0
DA:40,0
DA:42,0
DA:46,0
DA:47,0
DA:49,0
LF:18
LH:0
BRDA:28,0,0,0
BRDA:33,1,0,0
BRDA:40,2,0,0
BRF:3
BRH:0
end_of_record
