TN:
SF:src\modules\appointments\services\CreateAppointmentService.ts
FN:18,(anonymous_12)
FN:22,(anonymous_13)
FNF:2
FNH:2
FNDA:2,(anonymous_12)
FNDA:3,(anonymous_13)
DA:1,1
DA:2,1
DA:6,1
DA:16,1
DA:20,2
DA:24,3
DA:31,3
DA:33,3
DA:35,1
DA:42,2
DA:47,2
LF:11
LH:11
BRDA:33,0,0,1
BRF:1
BRH:1
end_of_record
TN:
SF:src\modules\users\services\AuthenticateUserService.ts
FN:21,(anonymous_12)
FN:29,(anonymous_13)
FNF:2
FNH:2
FNDA:3,(anonymous_12)
FNDA:3,(anonymous_13)
DA:1,1
DA:2,1
DA:4,1
DA:7,1
DA:20,1
DA:23,3
DA:26,3
DA:32,3
DA:34,3
DA:36,1
DA:39,2
DA:41,2
DA:43,1
DA:46,1
DA:48,1
DA:53,1
LF:16
LH:16
BRDA:34,0,0,1
BRDA:41,1,0,1
BRF:2
BRH:2
end_of_record
TN:
SF:src\modules\users\services\CreateUserService.ts
FN:18,(anonymous_12)
FN:27,(anonymous_13)
FNF:2
FNH:2
FNDA:5,(anonymous_12)
FNDA:5,(anonymous_13)
DA:1,2
DA:4,2
DA:16,2
DA:20,5
DA:23,5
DA:30,5
DA:32,5
DA:33,1
DA:36,4
DA:38,4
DA:44,4
LF:11
LH:11
BRDA:32,0,0,1
BRF:1
BRH:1
end_of_record
TN:
SF:src\modules\users\services\ResetPasswordService.ts
FN:16,(anonymous_12)
FN:27,(anonymous_13)
FNF:2
FNH:2
FNDA:4,(anonymous_12)
FNDA:4,(anonymous_13)
DA:1,1
DA:2,1
DA:4,1
DA:15,1
DA:18,4
DA:21,4
DA:24,4
DA:28,4
DA:30,4
DA:31,1
DA:34,3
DA:36,3
DA:37,1
DA:40,2
DA:41,2
DA:43,2
DA:44,1
DA:47,1
DA:49,1
LF:19
LH:19
BRDA:30,0,0,1
BRDA:36,1,0,1
BRDA:43,2,0,1
BRF:3
BRH:3
end_of_record
TN:
SF:src\modules\users\services\SendForgotPasswordEmailService.ts
FN:16,(anonymous_12)
FN:27,(anonymous_13)
FNF:2
FNH:2
FNDA:3,(anonymous_12)
FNDA:3,(anonymous_13)
DA:1,1
DA:7,1
DA:8,1
DA:15,1
DA:18,3
DA:21,3
DA:24,3
DA:28,3
DA:30,3
DA:31,1
DA:34,2
DA:36,2
DA:38,2
DA:55,1
LF:14
LH:14
BRDA:30,0,0,1
BRF:1
BRH:1
end_of_record
TN:
SF:src\modules\users\services\ShowProfileService.ts
FN:11,(anonymous_12)
FN:16,(anonymous_13)
FNF:2
FNH:2
FNDA:2,(anonymous_12)
FNDA:2,(anonymous_13)
DA:1,1
DA:2,1
DA:10,1
DA:13,2
DA:17,2
DA:19,2
DA:20,1
DA:23,1
LF:8
LH:8
BRDA:19,0,0,1
BRF:1
BRH:1
end_of_record
TN:
SF:src\modules\users\services\UpdateProfileService.ts
FN:19,(anonymous_12)
FN:27,(anonymous_13)
FNF:2
FNH:2
FNDA:5,(anonymous_12)
FNDA:5,(anonymous_13)
DA:1,1
DA:2,1
DA:18,1
DA:21,5
DA:24,5
DA:28,5
DA:30,5
DA:31,1
DA:34,4
DA:36,4
DA:37,1
DA:40,3
DA:41,3
DA:43,3
DA:44,0
DA:47,3
DA:48,2
DA:53,2
DA:54,1
DA:57,1
DA:60,2
LF:21
LH:20
BRDA:30,0,0,1
BRDA:36,1,0,1
BRDA:36,2,0,4
BRDA:36,2,1,1
BRDA:43,3,0,0
BRDA:43,4,0,3
BRDA:43,4,1,2
BRDA:47,5,0,2
BRDA:47,6,0,3
BRDA:47,6,1,2
BRDA:53,7,0,1
BRF:11
BRH:10
end_of_record
TN:
SF:src\modules\users\services\UpdateUserAvatarServices.ts
FN:17,(anonymous_12)
FN:25,(anonymous_13)
FNF:2
FNH:2
FNDA:3,(anonymous_12)
FNDA:4,(anonymous_13)
DA:1,1
DA:5,1
DA:16,1
DA:19,3
DA:22,3
DA:28,4
DA:31,4
DA:32,1
DA:36,3
DA:37,1
DA:40,3
DA:42,3
DA:44,3
DA:46,3
LF:14
LH:14
BRDA:31,0,0,1
BRDA:36,1,0,1
BRF:2
BRH:2
end_of_record
